# JRE version: Java(TM) SE Runtime Environment (7.0_71-b14) (build 1.7.0_71-b14)
# Java VM: Java HotSpot(TM) 64-Bit Server VM (24.71-b01 mixed mode bsd-amd64 compressed oops)
Heap
 PSYoungGen      total 143872K, used 136210K [0x00000007d5500000, 0x00000007dee00000, 0x0000000800000000)
  eden space 134144K, 95% used [0x00000007d5500000,0x00000007dd1bdbd0,0x00000007dd800000)
  from space 9728K, 87% used [0x00000007de280000,0x00000007deac6da0,0x00000007dec00000)
  to   space 10752K, 0% used [0x00000007dd800000,0x00000007dd800000,0x00000007de280000)
 ParOldGen       total 87040K, used 5851K [0x0000000780000000, 0x0000000785500000, 0x00000007d5500000)
  object space 87040K, 6% used [0x0000000780000000,0x00000007805b6d80,0x0000000785500000)
 PSPermGen       total 27648K, used 27251K [0x0000000760000000, 0x0000000761b00000, 0x0000000780000000)
  object space 27648K, 98% used [0x0000000760000000,0x0000000761a9cd78,0x0000000761b00000)
GC Heap History (10 events):
Event: 0,698 GC heap before
{Heap before GC invocations=2 (full 0):
 PSYoungGen      total 38912K, used 38253K [0x00000007d5500000, 0x00000007d8000000, 0x0000000800000000)
  eden space 33792K, 100% used [0x00000007d5500000,0x00000007d7600000,0x00000007d7600000)
  from space 5120K, 87% used [0x00000007d7600000,0x00000007d7a5b4c8,0x00000007d7b00000)
  to   space 5120K, 0% used [0x00000007d7b00000,0x00000007d7b00000,0x00000007d8000000)
 ParOldGen       total 87040K, used 8K [0x0000000780000000, 0x0000000785500000, 0x00000007d5500000)
  object space 87040K, 0% used [0x0000000780000000,0x0000000780002000,0x0000000785500000)
 PSPermGen       total 21504K, used 10442K [0x0000000760000000, 0x0000000761500000, 0x0000000780000000)
  object space 21504K, 48% used [0x0000000760000000,0x0000000760a32838,0x0000000761500000)
Event: 0,703 GC heap after
Heap after GC invocations=2 (full 0):
 PSYoungGen      total 38912K, used 4117K [0x00000007d5500000, 0x00000007da100000, 0x0000000800000000)
  eden space 33792K, 0% used [0x00000007d5500000,0x00000007d5500000,0x00000007d7600000)
  from space 5120K, 80% used [0x00000007d7b00000,0x00000007d7f05460,0x00000007d8000000)
  to   space 5120K, 0% used [0x00000007d7600000,0x00000007d7600000,0x00000007d7b00000)
 ParOldGen       total 87040K, used 16K [0x0000000780000000, 0x0000000785500000, 0x00000007d5500000)
  object space 87040K, 0% used [0x0000000780000000,0x0000000780004000,0x0000000785500000)
 PSPermGen       total 21504K, used 10442K [0x0000000760000000, 0x0000000761500000, 0x0000000780000000)
  object space 21504K, 48% used [0x0000000760000000,0x0000000760a32838,0x0000000761500000)
}
Event: 1,010 GC heap before
{Heap before GC invocations=3 (full 0):
 PSYoungGen      total 38912K, used 37808K [0x00000007d5500000, 0x00000007da100000, 0x0000000800000000)
  eden space 33792K, 99% used [0x00000007d5500000,0x00000007d75e6c18,0x00000007d7600000)
  from space 5120K, 80% used [0x00000007d7b00000,0x00000007d7f05460,0x00000007d8000000)
  to   space 5120K, 0% used [0x00000007d7600000,0x00000007d7600000,0x00000007d7b00000)
 ParOldGen       total 87040K, used 16K [0x0000000780000000, 0x0000000785500000, 0x00000007d5500000)
  object space 87040K, 0% used [0x0000000780000000,0x0000000780004000,0x0000000785500000)
 PSPermGen       total 21504K, used 14892K [0x0000000760000000, 0x0000000761500000, 0x0000000780000000)
  object space 21504K, 69% used [0x0000000760000000,0x0000000760e8b200,0x0000000761500000)
Event: 1,016 GC heap after
Heap after GC invocations=3 (full 0):
 PSYoungGen      total 38912K, used 5116K [0x00000007d5500000, 0x00000007da100000, 0x0000000800000000)
  eden space 33792K, 0% used [0x00000007d5500000,0x00000007d5500000,0x00000007d7600000)
  from space 5120K, 99% used [0x00000007d7600000,0x00000007d7aff0f8,0x00000007d7b00000)
  to   space 5120K, 0% used [0x00000007d9c00000,0x00000007d9c00000,0x00000007da100000)
 ParOldGen       total 87040K, used 983K [0x0000000780000000, 0x0000000785500000, 0x00000007d5500000)
  object space 87040K, 1% used [0x0000000780000000,0x00000007800f5f58,0x0000000785500000)
 PSPermGen       total 21504K, used 14892K [0x0000000760000000, 0x0000000761500000, 0x0000000780000000)
  object space 21504K, 69% used [0x0000000760000000,0x0000000760e8b200,0x0000000761500000)
}
Event: 1,337 GC heap before
{Heap before GC invocations=4 (full 0):
 PSYoungGen      total 38912K, used 38908K [0x00000007d5500000, 0x00000007da100000, 0x0000000800000000)
  eden space 33792K, 100% used [0x00000007d5500000,0x00000007d7600000,0x00000007d7600000)
  from space 5120K, 99% used [0x00000007d7600000,0x00000007d7aff0f8,0x00000007d7b00000)
  to   space 5120K, 0% used [0x00000007d9c00000,0x00000007d9c00000,0x00000007da100000)
 ParOldGen       total 87040K, used 983K [0x0000000780000000, 0x0000000785500000, 0x00000007d5500000)
  object space 87040K, 1% used [0x0000000780000000,0x00000007800f5f58,0x0000000785500000)
 PSPermGen       total 21504K, used 15333K [0x0000000760000000, 0x0000000761500000, 0x0000000780000000)
  object space 21504K, 71% used [0x0000000760000000,0x0000000760ef9448,0x0000000761500000)
Event: 1,342 GC heap after
Heap after GC invocations=4 (full 0):
 PSYoungGen      total 72704K, used 4251K [0x00000007d5500000, 0x00000007da100000, 0x0000000800000000)
  eden space 67584K, 0% used [0x00000007d5500000,0x00000007d5500000,0x00000007d9700000)
  from space 5120K, 83% used [0x00000007d9c00000,0x00000007da026c38,0x00000007da100000)
  to   space 5120K, 0% used [0x00000007d9700000,0x00000007d9700000,0x00000007d9c00000)
 ParOldGen       total 87040K, used 983K [0x0000000780000000, 0x0000000785500000, 0x00000007d5500000)
  object space 87040K, 1% used [0x0000000780000000,0x00000007800f5f58,0x0000000785500000)
 PSPermGen       total 21504K, used 15333K [0x0000000760000000, 0x0000000761500000, 0x0000000780000000)
  object space 21504K, 71% used [0x0000000760000000,0x0000000760ef9448,0x0000000761500000)
}
Event: 2,154 GC heap before
{Heap before GC invocations=5 (full 0):
 PSYoungGen      total 72704K, used 71835K [0x00000007d5500000, 0x00000007da100000, 0x0000000800000000)
  eden space 67584K, 100% used [0x00000007d5500000,0x00000007d9700000,0x00000007d9700000)
  from space 5120K, 83% used [0x00000007d9c00000,0x00000007da026c38,0x00000007da100000)
  to   space 5120K, 0% used [0x00000007d9700000,0x00000007d9700000,0x00000007d9c00000)
 ParOldGen       total 87040K, used 983K [0x0000000780000000, 0x0000000785500000, 0x00000007d5500000)
  object space 87040K, 1% used [0x0000000780000000,0x00000007800f5f58,0x0000000785500000)
 PSPermGen       total 21504K, used 17057K [0x0000000760000000, 0x0000000761500000, 0x0000000780000000)
  object space 21504K, 79% used [0x0000000760000000,0x00000007610a8470,0x0000000761500000)
Event: 2,167 GC heap after
Heap after GC invocations=5 (full 0):
 PSYoungGen      total 72704K, used 5090K [0x00000007d5500000, 0x00000007dec00000, 0x0000000800000000)
  eden space 67584K, 0% used [0x00000007d5500000,0x00000007d5500000,0x00000007d9700000)
  from space 5120K, 99% used [0x00000007d9700000,0x00000007d9bf8bf0,0x00000007d9c00000)
  to   space 9728K, 0% used [0x00000007de280000,0x00000007de280000,0x00000007dec00000)
 ParOldGen       total 87040K, used 5843K [0x0000000780000000, 0x0000000785500000, 0x00000007d5500000)
  object space 87040K, 6% used [0x0000000780000000,0x00000007805b4d80,0x0000000785500000)
 PSPermGen       total 21504K, used 17057K [0x0000000760000000, 0x0000000761500000, 0x0000000780000000)
  object space 21504K, 79% used [0x0000000760000000,0x00000007610a8470,0x0000000761500000)
}
Event: 2,838 GC heap before
{Heap before GC invocations=6 (full 0):
 PSYoungGen      total 72704K, used 72674K [0x00000007d5500000, 0x00000007dec00000, 0x0000000800000000)
  eden space 67584K, 100% used [0x00000007d5500000,0x00000007d9700000,0x00000007d9700000)
  from space 5120K, 99% used [0x00000007d9700000,0x00000007d9bf8bf0,0x00000007d9c00000)
  to   space 9728K, 0% used [0x00000007de280000,0x00000007de280000,0x00000007dec00000)
 ParOldGen       total 87040K, used 5843K [0x0000000780000000, 0x0000000785500000, 0x00000007d5500000)
  object space 87040K, 6% used [0x0000000780000000,0x00000007805b4d80,0x0000000785500000)
 PSPermGen       total 21504K, used 19228K [0x0000000760000000, 0x0000000761500000, 0x0000000780000000)
  object space 21504K, 89% used [0x0000000760000000,0x00000007612c73e0,0x0000000761500000)
Event: 2,848 GC heap after
Heap after GC invocations=6 (full 0):
 PSYoungGen      total 143872K, used 8475K [0x00000007d5500000, 0x00000007dee00000, 0x0000000800000000)
  eden space 134144K, 0% used [0x00000007d5500000,0x00000007d5500000,0x00000007dd800000)
  from space 9728K, 87% used [0x00000007de280000,0x00000007deac6da0,0x00000007dec00000)
  to   space 10752K, 0% used [0x00000007dd800000,0x00000007dd800000,0x00000007de280000)
 ParOldGen       total 87040K, used 5851K [0x0000000780000000, 0x0000000785500000, 0x00000007d5500000)
  object space 87040K, 6% used [0x0000000780000000,0x00000007805b6d80,0x0000000785500000)
 PSPermGen       total 21504K, used 19228K [0x0000000760000000, 0x0000000761500000, 0x0000000780000000)
  object space 21504K, 89% used [0x0000000760000000,0x00000007612c73e0,0x0000000761500000)
}

