# JRE version: Java(TM) SE Runtime Environment (7.0_71-b14) (build 1.7.0_71-b14)
# Java VM: Java HotSpot(TM) 64-Bit Server VM (24.71-b01 mixed mode bsd-amd64 compressed oops)
Heap
 PSYoungGen      total 116736K, used 25498K [0x00000007f5500000, 0x00000007fd280000, 0x0000000800000000)
  eden space 105472K, 17% used [0x00000007f5500000,0x00000007f6706830,0x00000007fbc00000)
  from space 11264K, 62% used [0x00000007fbc00000,0x00000007fc2e0080,0x00000007fc700000)
  to   space 11264K, 0% used [0x00000007fc780000,0x00000007fc780000,0x00000007fd280000)
 ParOldGen       total 349184K, used 80677K [0x00000007e0000000, 0x00000007f5500000, 0x00000007f5500000)
  object space 349184K, 23% used [0x00000007e0000000,0x00000007e4ec96d0,0x00000007f5500000)
 PSPermGen       total 43008K, used 42583K [0x00000007d0000000, 0x00000007d2a00000, 0x00000007e0000000)
  object space 43008K, 99% used [0x00000007d0000000,0x00000007d2995f10,0x00000007d2a00000)
GC Heap History (10 events):
Event: 8798,284 GC heap before
{Heap before GC invocations=1086 (full 43):
 PSYoungGen      total 114176K, used 112352K [0x00000007f5500000, 0x00000007fce80000, 0x0000000800000000)
  eden space 105472K, 100% used [0x00000007f5500000,0x00000007fbc00000,0x00000007fbc00000)
  from space 8704K, 79% used [0x00000007fc500000,0x00000007fcbb8020,0x00000007fcd80000)
  to   space 9216K, 0% used [0x00000007fbc00000,0x00000007fbc00000,0x00000007fc500000)
 ParOldGen       total 349184K, used 79421K [0x00000007e0000000, 0x00000007f5500000, 0x00000007f5500000)
  object space 349184K, 22% used [0x00000007e0000000,0x00000007e4d8f6d0,0x00000007f5500000)
 PSPermGen       total 42496K, used 42406K [0x00000007d0000000, 0x00000007d2980000, 0x00000007e0000000)
  object space 42496K, 99% used [0x00000007d0000000,0x00000007d2969aa0,0x00000007d2980000)
Event: 8798,293 GC heap after
Heap after GC invocations=1086 (full 43):
 PSYoungGen      total 114688K, used 6624K [0x00000007f5500000, 0x00000007fcf80000, 0x0000000800000000)
  eden space 105472K, 0% used [0x00000007f5500000,0x00000007f5500000,0x00000007fbc00000)
  from space 9216K, 71% used [0x00000007fbc00000,0x00000007fc278020,0x00000007fc500000)
  to   space 9728K, 0% used [0x00000007fc600000,0x00000007fc600000,0x00000007fcf80000)
 ParOldGen       total 349184K, used 79469K [0x00000007e0000000, 0x00000007f5500000, 0x00000007f5500000)
  object space 349184K, 22% used [0x00000007e0000000,0x00000007e4d9b6d0,0x00000007f5500000)
 PSPermGen       total 42496K, used 42406K [0x00000007d0000000, 0x00000007d2980000, 0x00000007e0000000)
  object space 42496K, 99% used [0x00000007d0000000,0x00000007d2969aa0,0x00000007d2980000)
}
Event: 8846,448 GC heap before
{Heap before GC invocations=1087 (full 43):
 PSYoungGen      total 114688K, used 112096K [0x00000007f5500000, 0x00000007fcf80000, 0x0000000800000000)
  eden space 105472K, 100% used [0x00000007f5500000,0x00000007fbc00000,0x00000007fbc00000)
  from space 9216K, 71% used [0x00000007fbc00000,0x00000007fc278020,0x00000007fc500000)
  to   space 9728K, 0% used [0x00000007fc600000,0x00000007fc600000,0x00000007fcf80000)
 ParOldGen       total 349184K, used 79469K [0x00000007e0000000, 0x00000007f5500000, 0x00000007f5500000)
  object space 349184K, 22% used [0x00000007e0000000,0x00000007e4d9b6d0,0x00000007f5500000)
 PSPermGen       total 42496K, used 42419K [0x00000007d0000000, 0x00000007d2980000, 0x00000007e0000000)
  object space 42496K, 99% used [0x00000007d0000000,0x00000007d296cce8,0x00000007d2980000)
Event: 8846,454 GC heap after
Heap after GC invocations=1087 (full 43):
 PSYoungGen      total 115712K, used 5600K [0x00000007f5500000, 0x00000007fcf80000, 0x0000000800000000)
  eden space 105984K, 0% used [0x00000007f5500000,0x00000007f5500000,0x00000007fbc80000)
  from space 9728K, 57% used [0x00000007fc600000,0x00000007fcb78000,0x00000007fcf80000)
  to   space 9728K, 0% used [0x00000007fbc80000,0x00000007fbc80000,0x00000007fc600000)
 ParOldGen       total 349184K, used 79605K [0x00000007e0000000, 0x00000007f5500000, 0x00000007f5500000)
  object space 349184K, 22% used [0x00000007e0000000,0x00000007e4dbd6d0,0x00000007f5500000)
 PSPermGen       total 42496K, used 42419K [0x00000007d0000000, 0x00000007d2980000, 0x00000007e0000000)
  object space 42496K, 99% used [0x00000007d0000000,0x00000007d296cce8,0x00000007d2980000)
}
Event: 8872,294 GC heap before
{Heap before GC invocations=1088 (full 43):
 PSYoungGen      total 115712K, used 111584K [0x00000007f5500000, 0x00000007fcf80000, 0x0000000800000000)
  eden space 105984K, 100% used [0x00000007f5500000,0x00000007fbc80000,0x00000007fbc80000)
  from space 9728K, 57% used [0x00000007fc600000,0x00000007fcb78000,0x00000007fcf80000)
  to   space 9728K, 0% used [0x00000007fbc80000,0x00000007fbc80000,0x00000007fc600000)
 ParOldGen       total 349184K, used 79605K [0x00000007e0000000, 0x00000007f5500000, 0x00000007f5500000)
  object space 349184K, 22% used [0x00000007e0000000,0x00000007e4dbd6d0,0x00000007f5500000)
 PSPermGen       total 42496K, used 42429K [0x00000007d0000000, 0x00000007d2980000, 0x00000007e0000000)
  object space 42496K, 99% used [0x00000007d0000000,0x00000007d296f498,0x00000007d2980000)
Event: 8872,304 GC heap after
Heap after GC invocations=1088 (full 43):
 PSYoungGen      total 115712K, used 7456K [0x00000007f5500000, 0x00000007fd100000, 0x0000000800000000)
  eden space 105984K, 0% used [0x00000007f5500000,0x00000007f5500000,0x00000007fbc80000)
  from space 9728K, 76% used [0x00000007fbc80000,0x00000007fc3c8000,0x00000007fc600000)
  to   space 10240K, 0% used [0x00000007fc700000,0x00000007fc700000,0x00000007fd100000)
 ParOldGen       total 349184K, used 79717K [0x00000007e0000000, 0x00000007f5500000, 0x00000007f5500000)
  object space 349184K, 22% used [0x00000007e0000000,0x00000007e4dd96d0,0x00000007f5500000)
 PSPermGen       total 42496K, used 42429K [0x00000007d0000000, 0x00000007d2980000, 0x00000007e0000000)
  object space 42496K, 99% used [0x00000007d0000000,0x00000007d296f498,0x00000007d2980000)
}
Event: 8903,925 GC heap before
{Heap before GC invocations=1089 (full 43):
 PSYoungGen      total 115712K, used 113440K [0x00000007f5500000, 0x00000007fd100000, 0x0000000800000000)
  eden space 105984K, 100% used [0x00000007f5500000,0x00000007fbc80000,0x00000007fbc80000)
  from space 9728K, 76% used [0x00000007fbc80000,0x00000007fc3c8000,0x00000007fc600000)
  to   space 10240K, 0% used [0x00000007fc700000,0x00000007fc700000,0x00000007fd100000)
 ParOldGen       total 349184K, used 79717K [0x00000007e0000000, 0x00000007f5500000, 0x00000007f5500000)
  object space 349184K, 22% used [0x00000007e0000000,0x00000007e4dd96d0,0x00000007f5500000)
 PSPermGen       total 43008K, used 42525K [0x00000007d0000000, 0x00000007d2a00000, 0x00000007e0000000)
  object space 43008K, 98% used [0x00000007d0000000,0x00000007d2987570,0x00000007d2a00000)
Event: 8903,936 GC heap after
Heap after GC invocations=1089 (full 43):
 PSYoungGen      total 115712K, used 7744K [0x00000007f5500000, 0x00000007fd300000, 0x0000000800000000)
  eden space 105472K, 0% used [0x00000007f5500000,0x00000007f5500000,0x00000007fbc00000)
  from space 10240K, 75% used [0x00000007fc700000,0x00000007fce90080,0x00000007fd100000)
  to   space 11264K, 0% used [0x00000007fbc00000,0x00000007fbc00000,0x00000007fc700000)
 ParOldGen       total 349184K, used 80661K [0x00000007e0000000, 0x00000007f5500000, 0x00000007f5500000)
  object space 349184K, 23% used [0x00000007e0000000,0x00000007e4ec56d0,0x00000007f5500000)
 PSPermGen       total 43008K, used 42525K [0x00000007d0000000, 0x00000007d2a00000, 0x00000007e0000000)
  object space 43008K, 98% used [0x00000007d0000000,0x00000007d2987570,0x00000007d2a00000)
}
Event: 9174,196 GC heap before
{Heap before GC invocations=1090 (full 43):
 PSYoungGen      total 115712K, used 113216K [0x00000007f5500000, 0x00000007fd300000, 0x0000000800000000)
  eden space 105472K, 100% used [0x00000007f5500000,0x00000007fbc00000,0x00000007fbc00000)
  from space 10240K, 75% used [0x00000007fc700000,0x00000007fce90080,0x00000007fd100000)
  to   space 11264K, 0% used [0x00000007fbc00000,0x00000007fbc00000,0x00000007fc700000)
 ParOldGen       total 349184K, used 80661K [0x00000007e0000000, 0x00000007f5500000, 0x00000007f5500000)
  object space 349184K, 23% used [0x00000007e0000000,0x00000007e4ec56d0,0x00000007f5500000)
 PSPermGen       total 43008K, used 42568K [0x00000007d0000000, 0x00000007d2a00000, 0x00000007e0000000)
  object space 43008K, 98% used [0x00000007d0000000,0x00000007d29920f0,0x00000007d2a00000)
Event: 9174,206 GC heap after
Heap after GC invocations=1090 (full 43):
 PSYoungGen      total 116736K, used 7040K [0x00000007f5500000, 0x00000007fd280000, 0x0000000800000000)
  eden space 105472K, 0% used [0x00000007f5500000,0x00000007f5500000,0x00000007fbc00000)
  from space 11264K, 62% used [0x00000007fbc00000,0x00000007fc2e0080,0x00000007fc700000)
  to   space 11264K, 0% used [0x00000007fc780000,0x00000007fc780000,0x00000007fd280000)
 ParOldGen       total 349184K, used 80677K [0x00000007e0000000, 0x00000007f5500000, 0x00000007f5500000)
  object space 349184K, 23% used [0x00000007e0000000,0x00000007e4ec96d0,0x00000007f5500000)
 PSPermGen       total 43008K, used 42568K [0x00000007d0000000, 0x00000007d2a00000, 0x00000007e0000000)
  object space 43008K, 98% used [0x00000007d0000000,0x00000007d29920f0,0x00000007d2a00000)
}

