# JRE version: Java(TM) SE Runtime Environment (7.0_71-b14) (build 1.7.0_71-b14)
# Java VM: Java HotSpot(TM) 64-Bit Server VM (24.71-b01 mixed mode bsd-amd64 compressed oops)
Heap
 PSYoungGen      total 148480K, used 59736K [0x00000007f5500000, 0x00000007ffc80000, 0x0000000800000000)
  eden space 134656K, 34% used [0x00000007f5500000,0x00000007f8245760,0x00000007fd880000)
  from space 13824K, 96% used [0x00000007fde00000,0x00000007feb10968,0x00000007feb80000)
  to   space 17408K, 0% used [0x00000007feb80000,0x00000007feb80000,0x00000007ffc80000)
 ParOldGen       total 87040K, used 15689K [0x00000007e0000000, 0x00000007e5500000, 0x00000007f5500000)
  object space 87040K, 18% used [0x00000007e0000000,0x00000007e0f52730,0x00000007e5500000)
 PSPermGen       total 32768K, used 32542K [0x00000007d0000000, 0x00000007d2000000, 0x00000007e0000000)
  object space 32768K, 99% used [0x00000007d0000000,0x00000007d1fc7b00,0x00000007d2000000)
GC Heap History (10 events):
Event: 1,410 GC heap before
{Heap before GC invocations=3 (full 0):
 PSYoungGen      total 72704K, used 71804K [0x00000007f5500000, 0x00000007fa100000, 0x0000000800000000)
  eden space 67584K, 100% used [0x00000007f5500000,0x00000007f9700000,0x00000007f9700000)
  from space 5120K, 82% used [0x00000007f9c00000,0x00000007fa01f3d0,0x00000007fa100000)
  to   space 5120K, 0% used [0x00000007f9700000,0x00000007f9700000,0x00000007f9c00000)
 ParOldGen       total 87040K, used 37K [0x00000007e0000000, 0x00000007e5500000, 0x00000007f5500000)
  object space 87040K, 0% used [0x00000007e0000000,0x00000007e00094a8,0x00000007e5500000)
 PSPermGen       total 21504K, used 15333K [0x00000007d0000000, 0x00000007d1500000, 0x00000007e0000000)
  object space 21504K, 71% used [0x00000007d0000000,0x00000007d0ef9448,0x00000007d1500000)
Event: 1,419 GC heap after
Heap after GC invocations=3 (full 0):
 PSYoungGen      total 72704K, used 5094K [0x00000007f5500000, 0x00000007fe300000, 0x0000000800000000)
  eden space 67584K, 0% used [0x00000007f5500000,0x00000007f5500000,0x00000007f9700000)
  from space 5120K, 99% used [0x00000007f9700000,0x00000007f9bf9a10,0x00000007f9c00000)
  to   space 5120K, 0% used [0x00000007fde00000,0x00000007fde00000,0x00000007fe300000)
 ParOldGen       total 87040K, used 546K [0x00000007e0000000, 0x00000007e5500000, 0x00000007f5500000)
  object space 87040K, 0% used [0x00000007e0000000,0x00000007e0088928,0x00000007e5500000)
 PSPermGen       total 21504K, used 15333K [0x00000007d0000000, 0x00000007d1500000, 0x00000007e0000000)
  object space 21504K, 71% used [0x00000007d0000000,0x00000007d0ef9448,0x00000007d1500000)
}
Event: 2,192 GC heap before
{Heap before GC invocations=4 (full 0):
 PSYoungGen      total 72704K, used 72678K [0x00000007f5500000, 0x00000007fe300000, 0x0000000800000000)
  eden space 67584K, 100% used [0x00000007f5500000,0x00000007f9700000,0x00000007f9700000)
  from space 5120K, 99% used [0x00000007f9700000,0x00000007f9bf9a10,0x00000007f9c00000)
  to   space 5120K, 0% used [0x00000007fde00000,0x00000007fde00000,0x00000007fe300000)
 ParOldGen       total 87040K, used 546K [0x00000007e0000000, 0x00000007e5500000, 0x00000007f5500000)
  object space 87040K, 0% used [0x00000007e0000000,0x00000007e0088928,0x00000007e5500000)
 PSPermGen       total 21504K, used 17074K [0x00000007d0000000, 0x00000007d1500000, 0x00000007e0000000)
  object space 21504K, 79% used [0x00000007d0000000,0x00000007d10ac938,0x00000007d1500000)
Event: 2,214 GC heap after
Heap after GC invocations=4 (full 0):
 PSYoungGen      total 140288K, used 5104K [0x00000007f5500000, 0x00000007fe300000, 0x0000000800000000)
  eden space 135168K, 0% used [0x00000007f5500000,0x00000007f5500000,0x00000007fd900000)
  from space 5120K, 99% used [0x00000007fde00000,0x00000007fe2fc020,0x00000007fe300000)
  to   space 5120K, 0% used [0x00000007fd900000,0x00000007fd900000,0x00000007fde00000)
 ParOldGen       total 87040K, used 5504K [0x00000007e0000000, 0x00000007e5500000, 0x00000007f5500000)
  object space 87040K, 6% used [0x00000007e0000000,0x00000007e0560010,0x00000007e5500000)
 PSPermGen       total 21504K, used 17074K [0x00000007d0000000, 0x00000007d1500000, 0x00000007e0000000)
  object space 21504K, 79% used [0x00000007d0000000,0x00000007d10ac938,0x00000007d1500000)
}
Event: 3,564 GC heap before
{Heap before GC invocations=5 (full 0):
 PSYoungGen      total 140288K, used 140272K [0x00000007f5500000, 0x00000007fe300000, 0x0000000800000000)
  eden space 135168K, 100% used [0x00000007f5500000,0x00000007fd900000,0x00000007fd900000)
  from space 5120K, 99% used [0x00000007fde00000,0x00000007fe2fc020,0x00000007fe300000)
  to   space 5120K, 0% used [0x00000007fd900000,0x00000007fd900000,0x00000007fde00000)
 ParOldGen       total 87040K, used 5504K [0x00000007e0000000, 0x00000007e5500000, 0x00000007f5500000)
  object space 87040K, 6% used [0x00000007e0000000,0x00000007e0560040,0x00000007e5500000)
 PSPermGen       total 23040K, used 22676K [0x00000007d0000000, 0x00000007d1680000, 0x00000007e0000000)
  object space 23040K, 98% used [0x00000007d0000000,0x00000007d16250e0,0x00000007d1680000)
Event: 3,578 GC heap after
Heap after GC invocations=5 (full 0):
 PSYoungGen      total 140288K, used 5088K [0x00000007f5500000, 0x0000000800000000, 0x0000000800000000)
  eden space 135168K, 0% used [0x00000007f5500000,0x00000007f5500000,0x00000007fd900000)
  from space 5120K, 99% used [0x00000007fd900000,0x00000007fddf8020,0x00000007fde00000)
  to   space 14848K, 0% used [0x00000007ff180000,0x00000007ff180000,0x0000000800000000)
 ParOldGen       total 87040K, used 14582K [0x00000007e0000000, 0x00000007e5500000, 0x00000007f5500000)
  object space 87040K, 16% used [0x00000007e0000000,0x00000007e0e3d808,0x00000007e5500000)
 PSPermGen       total 23040K, used 22676K [0x00000007d0000000, 0x00000007d1680000, 0x00000007e0000000)
  object space 23040K, 98% used [0x00000007d0000000,0x00000007d16250e0,0x00000007d1680000)
}
Event: 18,575 GC heap before
{Heap before GC invocations=6 (full 0):
 PSYoungGen      total 140288K, used 140256K [0x00000007f5500000, 0x0000000800000000, 0x0000000800000000)
  eden space 135168K, 100% used [0x00000007f5500000,0x00000007fd900000,0x00000007fd900000)
  from space 5120K, 99% used [0x00000007fd900000,0x00000007fddf8020,0x00000007fde00000)
  to   space 14848K, 0% used [0x00000007ff180000,0x00000007ff180000,0x0000000800000000)
 ParOldGen       total 87040K, used 14589K [0x00000007e0000000, 0x00000007e5500000, 0x00000007f5500000)
  object space 87040K, 16% used [0x00000007e0000000,0x00000007e0e3f6d0,0x00000007e5500000)
 PSPermGen       total 29696K, used 29673K [0x00000007d0000000, 0x00000007d1d00000, 0x00000007e0000000)
  object space 29696K, 99% used [0x00000007d0000000,0x00000007d1cfa680,0x00000007d1d00000)
Event: 18,595 GC heap after
Heap after GC invocations=6 (full 0):
 PSYoungGen      total 155136K, used 14500K [0x00000007f5500000, 0x0000000800000000, 0x0000000800000000)
  eden space 140288K, 0% used [0x00000007f5500000,0x00000007f5500000,0x00000007fde00000)
  from space 14848K, 97% used [0x00000007ff180000,0x00000007fffa90e8,0x0000000800000000)
  to   space 17408K, 0% used [0x00000007fde00000,0x00000007fde00000,0x00000007fef00000)
 ParOldGen       total 87040K, used 14661K [0x00000007e0000000, 0x00000007e5500000, 0x00000007f5500000)
  object space 87040K, 16% used [0x00000007e0000000,0x00000007e0e516e0,0x00000007e5500000)
 PSPermGen       total 29696K, used 29673K [0x00000007d0000000, 0x00000007d1d00000, 0x00000007e0000000)
  object space 29696K, 99% used [0x00000007d0000000,0x00000007d1cfa680,0x00000007d1d00000)
}
Event: 55,364 GC heap before
{Heap before GC invocations=7 (full 0):
 PSYoungGen      total 155136K, used 154788K [0x00000007f5500000, 0x0000000800000000, 0x0000000800000000)
  eden space 140288K, 100% used [0x00000007f5500000,0x00000007fde00000,0x00000007fde00000)
  from space 14848K, 97% used [0x00000007ff180000,0x00000007fffa90e8,0x0000000800000000)
  to   space 17408K, 0% used [0x00000007fde00000,0x00000007fde00000,0x00000007fef00000)
 ParOldGen       total 87040K, used 14661K [0x00000007e0000000, 0x00000007e5500000, 0x00000007f5500000)
  object space 87040K, 16% used [0x00000007e0000000,0x00000007e0e516e0,0x00000007e5500000)
 PSPermGen       total 31744K, used 31243K [0x00000007d0000000, 0x00000007d1f00000, 0x00000007e0000000)
  object space 31744K, 98% used [0x00000007d0000000,0x00000007d1e82e40,0x00000007d1f00000)
Event: 55,383 GC heap after
Heap after GC invocations=7 (full 0):
 PSYoungGen      total 148480K, used 13378K [0x00000007f5500000, 0x00000007ffc80000, 0x0000000800000000)
  eden space 134656K, 0% used [0x00000007f5500000,0x00000007f5500000,0x00000007fd880000)
  from space 13824K, 96% used [0x00000007fde00000,0x00000007feb10968,0x00000007feb80000)
  to   space 17408K, 0% used [0x00000007feb80000,0x00000007feb80000,0x00000007ffc80000)
 ParOldGen       total 87040K, used 15689K [0x00000007e0000000, 0x00000007e5500000, 0x00000007f5500000)
  object space 87040K, 18% used [0x00000007e0000000,0x00000007e0f52730,0x00000007e5500000)
 PSPermGen       total 31744K, used 31243K [0x00000007d0000000, 0x00000007d1f00000, 0x00000007e0000000)
  object space 31744K, 98% used [0x00000007d0000000,0x00000007d1e82e40,0x00000007d1f00000)
}

