# JRE version: Java(TM) SE Runtime Environment (7.0_71-b14) (build 1.7.0_71-b14)
# Java VM: Java HotSpot(TM) 64-Bit Server VM (24.71-b01 mixed mode bsd-amd64 compressed oops)
Heap
 PSYoungGen      total 139776K, used 109349K [0x00000007d5500000, 0x00000007e7380000, 0x0000000800000000)
  eden space 129024K, 76% used [0x00000007d5500000,0x00000007db55acb0,0x00000007dd300000)
  from space 10752K, 99% used [0x00000007e6900000,0x00000007e736ea78,0x00000007e7380000)
  to   space 14848K, 0% used [0x00000007e5680000,0x00000007e5680000,0x00000007e6500000)
 ParOldGen       total 87040K, used 9673K [0x0000000780000000, 0x0000000785500000, 0x00000007d5500000)
  object space 87040K, 11% used [0x0000000780000000,0x00000007809727b8,0x0000000785500000)
 PSPermGen       total 30720K, used 30666K [0x0000000760000000, 0x0000000761e00000, 0x0000000780000000)
  object space 30720K, 99% used [0x0000000760000000,0x0000000761df2ad0,0x0000000761e00000)
GC Heap History (10 events):
Event: 1,968 GC heap before
{Heap before GC invocations=4 (full 0):
 PSYoungGen      total 38912K, used 38887K [0x00000007d5500000, 0x00000007da100000, 0x0000000800000000)
  eden space 33792K, 100% used [0x00000007d5500000,0x00000007d7600000,0x00000007d7600000)
  from space 5120K, 99% used [0x00000007d7600000,0x00000007d7af9d20,0x00000007d7b00000)
  to   space 5120K, 0% used [0x00000007d9c00000,0x00000007d9c00000,0x00000007da100000)
 ParOldGen       total 87040K, used 2072K [0x0000000780000000, 0x0000000785500000, 0x00000007d5500000)
  object space 87040K, 2% used [0x0000000780000000,0x0000000780206260,0x0000000785500000)
 PSPermGen       total 21504K, used 15331K [0x0000000760000000, 0x0000000761500000, 0x0000000780000000)
  object space 21504K, 71% used [0x0000000760000000,0x0000000760ef8e60,0x0000000761500000)
Event: 1,975 GC heap after
Heap after GC invocations=4 (full 0):
 PSYoungGen      total 72704K, used 3419K [0x00000007d5500000, 0x00000007da100000, 0x0000000800000000)
  eden space 67584K, 0% used [0x00000007d5500000,0x00000007d5500000,0x00000007d9700000)
  from space 5120K, 66% used [0x00000007d9c00000,0x00000007d9f56c18,0x00000007da100000)
  to   space 5120K, 0% used [0x00000007d9700000,0x00000007d9700000,0x00000007d9c00000)
 ParOldGen       total 87040K, used 2080K [0x0000000780000000, 0x0000000785500000, 0x00000007d5500000)
  object space 87040K, 2% used [0x0000000780000000,0x0000000780208260,0x0000000785500000)
 PSPermGen       total 21504K, used 15331K [0x0000000760000000, 0x0000000761500000, 0x0000000780000000)
  object space 21504K, 71% used [0x0000000760000000,0x0000000760ef8e60,0x0000000761500000)
}
Event: 2,796 GC heap before
{Heap before GC invocations=5 (full 0):
 PSYoungGen      total 72704K, used 71003K [0x00000007d5500000, 0x00000007da100000, 0x0000000800000000)
  eden space 67584K, 100% used [0x00000007d5500000,0x00000007d9700000,0x00000007d9700000)
  from space 5120K, 66% used [0x00000007d9c00000,0x00000007d9f56c18,0x00000007da100000)
  to   space 5120K, 0% used [0x00000007d9700000,0x00000007d9700000,0x00000007d9c00000)
 ParOldGen       total 87040K, used 2080K [0x0000000780000000, 0x0000000785500000, 0x00000007d5500000)
  object space 87040K, 2% used [0x0000000780000000,0x0000000780208260,0x0000000785500000)
 PSPermGen       total 21504K, used 17060K [0x0000000760000000, 0x0000000761500000, 0x0000000780000000)
  object space 21504K, 79% used [0x0000000760000000,0x00000007610a9118,0x0000000761500000)
Event: 2,809 GC heap after
Heap after GC invocations=5 (full 0):
 PSYoungGen      total 72704K, used 5104K [0x00000007d5500000, 0x00000007ded00000, 0x0000000800000000)
  eden space 67584K, 0% used [0x00000007d5500000,0x00000007d5500000,0x00000007d9700000)
  from space 5120K, 99% used [0x00000007d9700000,0x00000007d9bfc020,0x00000007d9c00000)
  to   space 10240K, 0% used [0x00000007de300000,0x00000007de300000,0x00000007ded00000)
 ParOldGen       total 87040K, used 6044K [0x0000000780000000, 0x0000000785500000, 0x00000007d5500000)
  object space 87040K, 6% used [0x0000000780000000,0x00000007805e7290,0x0000000785500000)
 PSPermGen       total 21504K, used 17060K [0x0000000760000000, 0x0000000761500000, 0x0000000780000000)
  object space 21504K, 79% used [0x0000000760000000,0x00000007610a9118,0x0000000761500000)
}
Event: 3,606 GC heap before
{Heap before GC invocations=6 (full 0):
 PSYoungGen      total 72704K, used 72688K [0x00000007d5500000, 0x00000007ded00000, 0x0000000800000000)
  eden space 67584K, 100% used [0x00000007d5500000,0x00000007d9700000,0x00000007d9700000)
  from space 5120K, 99% used [0x00000007d9700000,0x00000007d9bfc020,0x00000007d9c00000)
  to   space 10240K, 0% used [0x00000007de300000,0x00000007de300000,0x00000007ded00000)
 ParOldGen       total 87040K, used 6044K [0x0000000780000000, 0x0000000785500000, 0x00000007d5500000)
  object space 87040K, 6% used [0x0000000780000000,0x00000007805e7290,0x0000000785500000)
 PSPermGen       total 21504K, used 19251K [0x0000000760000000, 0x0000000761500000, 0x0000000780000000)
  object space 21504K, 89% used [0x0000000760000000,0x00000007612ccdd8,0x0000000761500000)
Event: 3,614 GC heap after
Heap after GC invocations=6 (full 0):
 PSYoungGen      total 144384K, used 8696K [0x00000007d5500000, 0x00000007def00000, 0x0000000800000000)
  eden space 134144K, 0% used [0x00000007d5500000,0x00000007d5500000,0x00000007dd800000)
  from space 10240K, 84% used [0x00000007de300000,0x00000007deb7e1a0,0x00000007ded00000)
  to   space 11264K, 0% used [0x00000007dd800000,0x00000007dd800000,0x00000007de300000)
 ParOldGen       total 87040K, used 6044K [0x0000000780000000, 0x0000000785500000, 0x00000007d5500000)
  object space 87040K, 6% used [0x0000000780000000,0x00000007805e7290,0x0000000785500000)
 PSPermGen       total 21504K, used 19251K [0x0000000760000000, 0x0000000761500000, 0x0000000780000000)
  object space 21504K, 89% used [0x0000000760000000,0x00000007612ccdd8,0x0000000761500000)
}
Event: 666,313 GC heap before
{Heap before GC invocations=7 (full 0):
 PSYoungGen      total 144384K, used 142840K [0x00000007d5500000, 0x00000007def00000, 0x0000000800000000)
  eden space 134144K, 100% used [0x00000007d5500000,0x00000007dd800000,0x00000007dd800000)
  from space 10240K, 84% used [0x00000007de300000,0x00000007deb7e1a0,0x00000007ded00000)
  to   space 11264K, 0% used [0x00000007dd800000,0x00000007dd800000,0x00000007de300000)
 ParOldGen       total 87040K, used 6044K [0x0000000780000000, 0x0000000785500000, 0x00000007d5500000)
  object space 87040K, 6% used [0x0000000780000000,0x00000007805e7290,0x0000000785500000)
 PSPermGen       total 28160K, used 27654K [0x0000000760000000, 0x0000000761b80000, 0x0000000780000000)
  object space 28160K, 98% used [0x0000000760000000,0x0000000761b01948,0x0000000761b80000)
Event: 666,329 GC heap after
Heap after GC invocations=7 (full 0):
 PSYoungGen      total 145408K, used 11245K [0x00000007d5500000, 0x00000007e7700000, 0x0000000800000000)
  eden space 134144K, 0% used [0x00000007d5500000,0x00000007d5500000,0x00000007dd800000)
  from space 11264K, 99% used [0x00000007dd800000,0x00000007de2fb708,0x00000007de300000)
  to   space 14336K, 0% used [0x00000007e6900000,0x00000007e6900000,0x00000007e7700000)
 ParOldGen       total 87040K, used 8974K [0x0000000780000000, 0x0000000785500000, 0x00000007d5500000)
  object space 87040K, 10% used [0x0000000780000000,0x00000007808c3ba0,0x0000000785500000)
 PSPermGen       total 28160K, used 27654K [0x0000000760000000, 0x0000000761b80000, 0x0000000780000000)
  object space 28160K, 98% used [0x0000000760000000,0x0000000761b01948,0x0000000761b80000)
}
Event: 1043,760 GC heap before
{Heap before GC invocations=8 (full 0):
 PSYoungGen      total 145408K, used 145389K [0x00000007d5500000, 0x00000007e7700000, 0x0000000800000000)
  eden space 134144K, 100% used [0x00000007d5500000,0x00000007dd800000,0x00000007dd800000)
  from space 11264K, 99% used [0x00000007dd800000,0x00000007de2fb708,0x00000007de300000)
  to   space 14336K, 0% used [0x00000007e6900000,0x00000007e6900000,0x00000007e7700000)
 ParOldGen       total 87040K, used 8974K [0x0000000780000000, 0x0000000785500000, 0x00000007d5500000)
  object space 87040K, 10% used [0x0000000780000000,0x00000007808c3ba0,0x0000000785500000)
 PSPermGen       total 30208K, used 29948K [0x0000000760000000, 0x0000000761d80000, 0x0000000780000000)
  object space 30208K, 99% used [0x0000000760000000,0x0000000761d3f160,0x0000000761d80000)
Event: 1043,772 GC heap after
Heap after GC invocations=8 (full 0):
 PSYoungGen      total 139776K, used 10682K [0x00000007d5500000, 0x00000007e7380000, 0x0000000800000000)
  eden space 129024K, 0% used [0x00000007d5500000,0x00000007d5500000,0x00000007dd300000)
  from space 10752K, 99% used [0x00000007e6900000,0x00000007e736ea78,0x00000007e7380000)
  to   space 14848K, 0% used [0x00000007e5680000,0x00000007e5680000,0x00000007e6500000)
 ParOldGen       total 87040K, used 9673K [0x0000000780000000, 0x0000000785500000, 0x00000007d5500000)
  object space 87040K, 11% used [0x0000000780000000,0x00000007809727b8,0x0000000785500000)
 PSPermGen       total 30208K, used 29948K [0x0000000760000000, 0x0000000761d80000, 0x0000000780000000)
  object space 30208K, 99% used [0x0000000760000000,0x0000000761d3f160,0x0000000761d80000)
}

