# JRE version: Java(TM) SE Runtime Environment (7.0_71-b14) (build 1.7.0_71-b14)
# Java VM: Java HotSpot(TM) 64-Bit Server VM (24.71-b01 mixed mode bsd-amd64 compressed oops)
Heap
 PSYoungGen      total 669184K, used 515909K [0x00000007d5500000, 0x00000007ff100000, 0x0000000800000000)
  eden space 655360K, 78% used [0x00000007d5500000,0x00000007f4cc1550,0x00000007fd500000)
  from space 13824K, 0% used [0x00000007fe380000,0x00000007fe390000,0x00000007ff100000)
  to   space 14336K, 0% used [0x00000007fd500000,0x00000007fd500000,0x00000007fe300000)
 ParOldGen       total 87040K, used 18748K [0x0000000780000000, 0x0000000785500000, 0x00000007d5500000)
  object space 87040K, 21% used [0x0000000780000000,0x000000078124f0b8,0x0000000785500000)
 PSPermGen       total 29696K, used 29301K [0x0000000760000000, 0x0000000761d00000, 0x0000000780000000)
  object space 29696K, 98% used [0x0000000760000000,0x0000000761c9d528,0x0000000761d00000)
GC Heap History (10 events):
Event: 583,999 GC heap before
{Heap before GC invocations=10 (full 0):
 PSYoungGen      total 212480K, used 212192K [0x00000007d5500000, 0x00000007e6880000, 0x0000000800000000)
  eden space 206848K, 100% used [0x00000007d5500000,0x00000007e1f00000,0x00000007e1f00000)
  from space 5632K, 94% used [0x00000007e5780000,0x00000007e5cb8000,0x00000007e5d00000)
  to   space 11776K, 0% used [0x00000007e5d00000,0x00000007e5d00000,0x00000007e6880000)
 ParOldGen       total 87040K, used 13196K [0x0000000780000000, 0x0000000785500000, 0x00000007d5500000)
  object space 87040K, 15% used [0x0000000780000000,0x0000000780ce3078,0x0000000785500000)
 PSPermGen       total 29184K, used 29102K [0x0000000760000000, 0x0000000761c80000, 0x0000000780000000)
  object space 29184K, 99% used [0x0000000760000000,0x0000000761c6b848,0x0000000761c80000)
Event: 584,009 GC heap after
Heap after GC invocations=10 (full 0):
 PSYoungGen      total 267776K, used 32K [0x00000007d5500000, 0x00000007eb480000, 0x0000000800000000)
  eden space 256000K, 0% used [0x00000007d5500000,0x00000007d5500000,0x00000007e4f00000)
  from space 11776K, 0% used [0x00000007e5d00000,0x00000007e5d08000,0x00000007e6880000)
  to   space 14336K, 0% used [0x00000007e4f00000,0x00000007e4f00000,0x00000007e5d00000)
 ParOldGen       total 87040K, used 18516K [0x0000000780000000, 0x0000000785500000, 0x00000007d5500000)
  object space 87040K, 21% used [0x0000000780000000,0x00000007812150b8,0x0000000785500000)
 PSPermGen       total 29184K, used 29102K [0x0000000760000000, 0x0000000761c80000, 0x0000000780000000)
  object space 29184K, 99% used [0x0000000760000000,0x0000000761c6b848,0x0000000761c80000)
}
Event: 584,141 GC heap before
{Heap before GC invocations=11 (full 0):
 PSYoungGen      total 267776K, used 256032K [0x00000007d5500000, 0x00000007eb480000, 0x0000000800000000)
  eden space 256000K, 100% used [0x00000007d5500000,0x00000007e4f00000,0x00000007e4f00000)
  from space 11776K, 0% used [0x00000007e5d00000,0x00000007e5d08000,0x00000007e6880000)
  to   space 14336K, 0% used [0x00000007e4f00000,0x00000007e4f00000,0x00000007e5d00000)
 ParOldGen       total 87040K, used 18516K [0x0000000780000000, 0x0000000785500000, 0x00000007d5500000)
  object space 87040K, 21% used [0x0000000780000000,0x00000007812150b8,0x0000000785500000)
 PSPermGen       total 29184K, used 29103K [0x0000000760000000, 0x0000000761c80000, 0x0000000780000000)
  object space 29184K, 99% used [0x0000000760000000,0x0000000761c6bd10,0x0000000761c80000)
Event: 584,143 GC heap after
Heap after GC invocations=11 (full 0):
 PSYoungGen      total 270336K, used 96K [0x00000007d5500000, 0x00000007f0200000, 0x0000000800000000)
  eden space 256000K, 0% used [0x00000007d5500000,0x00000007d5500000,0x00000007e4f00000)
  from space 14336K, 0% used [0x00000007e4f00000,0x00000007e4f18000,0x00000007e5d00000)
  to   space 14848K, 0% used [0x00000007ef380000,0x00000007ef380000,0x00000007f0200000)
 ParOldGen       total 87040K, used 18532K [0x0000000780000000, 0x0000000785500000, 0x00000007d5500000)
  object space 87040K, 21% used [0x0000000780000000,0x00000007812190b8,0x0000000785500000)
 PSPermGen       total 29184K, used 29103K [0x0000000760000000, 0x0000000761c80000, 0x0000000780000000)
  object space 29184K, 99% used [0x0000000760000000,0x0000000761c6bd10,0x0000000761c80000)
}
Event: 584,235 GC heap before
{Heap before GC invocations=12 (full 0):
 PSYoungGen      total 270336K, used 256096K [0x00000007d5500000, 0x00000007f0200000, 0x0000000800000000)
  eden space 256000K, 100% used [0x00000007d5500000,0x00000007e4f00000,0x00000007e4f00000)
  from space 14336K, 0% used [0x00000007e4f00000,0x00000007e4f18000,0x00000007e5d00000)
  to   space 14848K, 0% used [0x00000007ef380000,0x00000007ef380000,0x00000007f0200000)
 ParOldGen       total 87040K, used 18532K [0x0000000780000000, 0x0000000785500000, 0x00000007d5500000)
  object space 87040K, 21% used [0x0000000780000000,0x00000007812190b8,0x0000000785500000)
 PSPermGen       total 29184K, used 29103K [0x0000000760000000, 0x0000000761c80000, 0x0000000780000000)
  object space 29184K, 99% used [0x0000000760000000,0x0000000761c6bd10,0x0000000761c80000)
Event: 584,236 GC heap after
Heap after GC invocations=12 (full 0):
 PSYoungGen      total 424448K, used 96K [0x00000007d5500000, 0x00000007f0200000, 0x0000000800000000)
  eden space 409600K, 0% used [0x00000007d5500000,0x00000007d5500000,0x00000007ee500000)
  from space 14848K, 0% used [0x00000007ef380000,0x00000007ef398000,0x00000007f0200000)
  to   space 14848K, 0% used [0x00000007ee500000,0x00000007ee500000,0x00000007ef380000)
 ParOldGen       total 87040K, used 18548K [0x0000000780000000, 0x0000000785500000, 0x00000007d5500000)
  object space 87040K, 21% used [0x0000000780000000,0x000000078121d0b8,0x0000000785500000)
 PSPermGen       total 29184K, used 29103K [0x0000000760000000, 0x0000000761c80000, 0x0000000780000000)
  object space 29184K, 99% used [0x0000000760000000,0x0000000761c6bd10,0x0000000761c80000)
}
Event: 587,575 GC heap before
{Heap before GC invocations=13 (full 0):
 PSYoungGen      total 424448K, used 409696K [0x00000007d5500000, 0x00000007f0200000, 0x0000000800000000)
  eden space 409600K, 100% used [0x00000007d5500000,0x00000007ee500000,0x00000007ee500000)
  from space 14848K, 0% used [0x00000007ef380000,0x00000007ef398000,0x00000007f0200000)
  to   space 14848K, 0% used [0x00000007ee500000,0x00000007ee500000,0x00000007ef380000)
 ParOldGen       total 87040K, used 18548K [0x0000000780000000, 0x0000000785500000, 0x00000007d5500000)
  object space 87040K, 21% used [0x0000000780000000,0x000000078121d0b8,0x0000000785500000)
 PSPermGen       total 29696K, used 29206K [0x0000000760000000, 0x0000000761d00000, 0x0000000780000000)
  object space 29696K, 98% used [0x0000000760000000,0x0000000761c85a18,0x0000000761d00000)
Event: 587,577 GC heap after
Heap after GC invocations=13 (full 0):
 PSYoungGen      total 424448K, used 367K [0x00000007d5500000, 0x00000007ff200000, 0x0000000800000000)
  eden space 409600K, 0% used [0x00000007d5500000,0x00000007d5500000,0x00000007ee500000)
  from space 14848K, 2% used [0x00000007ee500000,0x00000007ee55bc58,0x00000007ef380000)
  to   space 14848K, 0% used [0x00000007fe380000,0x00000007fe380000,0x00000007ff200000)
 ParOldGen       total 87040K, used 18564K [0x0000000780000000, 0x0000000785500000, 0x00000007d5500000)
  object space 87040K, 21% used [0x0000000780000000,0x00000007812210b8,0x0000000785500000)
 PSPermGen       total 29696K, used 29206K [0x0000000760000000, 0x0000000761d00000, 0x0000000780000000)
  object space 29696K, 98% used [0x0000000760000000,0x0000000761c85a18,0x0000000761d00000)
}
Event: 587,736 GC heap before
{Heap before GC invocations=14 (full 0):
 PSYoungGen      total 424448K, used 409967K [0x00000007d5500000, 0x00000007ff200000, 0x0000000800000000)
  eden space 409600K, 100% used [0x00000007d5500000,0x00000007ee500000,0x00000007ee500000)
  from space 14848K, 2% used [0x00000007ee500000,0x00000007ee55bc58,0x00000007ef380000)
  to   space 14848K, 0% used [0x00000007fe380000,0x00000007fe380000,0x00000007ff200000)
 ParOldGen       total 87040K, used 18564K [0x0000000780000000, 0x0000000785500000, 0x00000007d5500000)
  object space 87040K, 21% used [0x0000000780000000,0x00000007812210b8,0x0000000785500000)
 PSPermGen       total 29696K, used 29206K [0x0000000760000000, 0x0000000761d00000, 0x0000000780000000)
  object space 29696K, 98% used [0x0000000760000000,0x0000000761c85af8,0x0000000761d00000)
Event: 587,737 GC heap after
Heap after GC invocations=14 (full 0):
 PSYoungGen      total 669184K, used 64K [0x00000007d5500000, 0x00000007ff100000, 0x0000000800000000)
  eden space 655360K, 0% used [0x00000007d5500000,0x00000007d5500000,0x00000007fd500000)
  from space 13824K, 0% used [0x00000007fe380000,0x00000007fe390000,0x00000007ff100000)
  to   space 14336K, 0% used [0x00000007fd500000,0x00000007fd500000,0x00000007fe300000)
 ParOldGen       total 87040K, used 18748K [0x0000000780000000, 0x0000000785500000, 0x00000007d5500000)
  object space 87040K, 21% used [0x0000000780000000,0x000000078124f0b8,0x0000000785500000)
 PSPermGen       total 29696K, used 29206K [0x0000000760000000, 0x0000000761d00000, 0x0000000780000000)
  object space 29696K, 98% used [0x0000000760000000,0x0000000761c85af8,0x0000000761d00000)
}

