# JRE version: Java(TM) SE Runtime Environment (7.0_71-b14) (build 1.7.0_71-b14)
# Java VM: Java HotSpot(TM) 64-Bit Server VM (24.71-b01 mixed mode bsd-amd64 compressed oops)
Heap
 PSYoungGen      total 263680K, used 204164K [0x00000007d5500000, 0x00000007e7d80000, 0x0000000800000000)
  eden space 245248K, 75% used [0x00000007d5500000,0x00000007e0a656f8,0x00000007e4480000)
  from space 18432K, 99% used [0x00000007e6b80000,0x00000007e7d7bc98,0x00000007e7d80000)
  to   space 26112K, 0% used [0x00000007e4a80000,0x00000007e4a80000,0x00000007e6400000)
 ParOldGen       total 87040K, used 23225K [0x0000000780000000, 0x0000000785500000, 0x00000007d5500000)
  object space 87040K, 26% used [0x0000000780000000,0x00000007816ae578,0x0000000785500000)
 PSPermGen       total 39424K, used 39351K [0x0000000760000000, 0x0000000762680000, 0x0000000780000000)
  object space 39424K, 99% used [0x0000000760000000,0x000000076266ddf8,0x0000000762680000)
GC Heap History (10 events):
Event: 2,246 GC heap before
{Heap before GC invocations=4 (full 0):
 PSYoungGen      total 72704K, used 72684K [0x00000007d5500000, 0x00000007de300000, 0x0000000800000000)
  eden space 67584K, 100% used [0x00000007d5500000,0x00000007d9700000,0x00000007d9700000)
  from space 5120K, 99% used [0x00000007d9700000,0x00000007d9bfb050,0x00000007d9c00000)
  to   space 5120K, 0% used [0x00000007dde00000,0x00000007dde00000,0x00000007de300000)
 ParOldGen       total 87040K, used 556K [0x0000000780000000, 0x0000000785500000, 0x00000007d5500000)
  object space 87040K, 0% used [0x0000000780000000,0x000000078008b2a8,0x0000000785500000)
 PSPermGen       total 21504K, used 17090K [0x0000000760000000, 0x0000000761500000, 0x0000000780000000)
  object space 21504K, 79% used [0x0000000760000000,0x00000007610b0810,0x0000000761500000)
Event: 2,258 GC heap after
Heap after GC invocations=4 (full 0):
 PSYoungGen      total 140288K, used 5104K [0x00000007d5500000, 0x00000007de300000, 0x0000000800000000)
  eden space 135168K, 0% used [0x00000007d5500000,0x00000007d5500000,0x00000007dd900000)
  from space 5120K, 99% used [0x00000007dde00000,0x00000007de2fc020,0x00000007de300000)
  to   space 5120K, 0% used [0x00000007dd900000,0x00000007dd900000,0x00000007dde00000)
 ParOldGen       total 87040K, used 5396K [0x0000000780000000, 0x0000000785500000, 0x00000007d5500000)
  object space 87040K, 6% used [0x0000000780000000,0x00000007805453b0,0x0000000785500000)
 PSPermGen       total 21504K, used 17090K [0x0000000760000000, 0x0000000761500000, 0x0000000780000000)
  object space 21504K, 79% used [0x0000000760000000,0x00000007610b0810,0x0000000761500000)
}
Event: 3,607 GC heap before
{Heap before GC invocations=5 (full 0):
 PSYoungGen      total 140288K, used 140272K [0x00000007d5500000, 0x00000007de300000, 0x0000000800000000)
  eden space 135168K, 100% used [0x00000007d5500000,0x00000007dd900000,0x00000007dd900000)
  from space 5120K, 99% used [0x00000007dde00000,0x00000007de2fc020,0x00000007de300000)
  to   space 5120K, 0% used [0x00000007dd900000,0x00000007dd900000,0x00000007dde00000)
 ParOldGen       total 87040K, used 5396K [0x0000000780000000, 0x0000000785500000, 0x00000007d5500000)
  object space 87040K, 6% used [0x0000000780000000,0x00000007805453b0,0x0000000785500000)
 PSPermGen       total 23040K, used 22587K [0x0000000760000000, 0x0000000761680000, 0x0000000780000000)
  object space 23040K, 98% used [0x0000000760000000,0x000000076160ec20,0x0000000761680000)
Event: 3,622 GC heap after
Heap after GC invocations=5 (full 0):
 PSYoungGen      total 140288K, used 5104K [0x00000007d5500000, 0x00000007e7a00000, 0x0000000800000000)
  eden space 135168K, 0% used [0x00000007d5500000,0x00000007d5500000,0x00000007dd900000)
  from space 5120K, 99% used [0x00000007dd900000,0x00000007dddfc030,0x00000007dde00000)
  to   space 14848K, 0% used [0x00000007e6b80000,0x00000007e6b80000,0x00000007e7a00000)
 ParOldGen       total 87040K, used 14605K [0x0000000780000000, 0x0000000785500000, 0x00000007d5500000)
  object space 87040K, 16% used [0x0000000780000000,0x0000000780e43780,0x0000000785500000)
 PSPermGen       total 23040K, used 22587K [0x0000000760000000, 0x0000000761680000, 0x0000000780000000)
  object space 23040K, 98% used [0x0000000760000000,0x000000076160ec20,0x0000000761680000)
}
Event: 702,125 GC heap before
{Heap before GC invocations=6 (full 0):
 PSYoungGen      total 140288K, used 140272K [0x00000007d5500000, 0x00000007e7a00000, 0x0000000800000000)
  eden space 135168K, 100% used [0x00000007d5500000,0x00000007dd900000,0x00000007dd900000)
  from space 5120K, 99% used [0x00000007dd900000,0x00000007dddfc030,0x00000007dde00000)
  to   space 14848K, 0% used [0x00000007e6b80000,0x00000007e6b80000,0x00000007e7a00000)
 ParOldGen       total 87040K, used 14605K [0x0000000780000000, 0x0000000785500000, 0x00000007d5500000)
  object space 87040K, 16% used [0x0000000780000000,0x0000000780e43780,0x0000000785500000)
 PSPermGen       total 30720K, used 30604K [0x0000000760000000, 0x0000000761e00000, 0x0000000780000000)
  object space 30720K, 99% used [0x0000000760000000,0x0000000761de33f0,0x0000000761e00000)
Event: 702,139 GC heap after
Heap after GC invocations=6 (full 0):
 PSYoungGen      total 283136K, used 12964K [0x00000007d5500000, 0x00000007e7e00000, 0x0000000800000000)
  eden space 268288K, 0% used [0x00000007d5500000,0x00000007d5500000,0x00000007e5b00000)
  from space 14848K, 87% used [0x00000007e6b80000,0x00000007e7829040,0x00000007e7a00000)
  to   space 16896K, 0% used [0x00000007e5b00000,0x00000007e5b00000,0x00000007e6b80000)
 ParOldGen       total 87040K, used 14677K [0x0000000780000000, 0x0000000785500000, 0x00000007d5500000)
  object space 87040K, 16% used [0x0000000780000000,0x0000000780e55790,0x0000000785500000)
 PSPermGen       total 30720K, used 30604K [0x0000000760000000, 0x0000000761e00000, 0x0000000780000000)
  object space 30720K, 99% used [0x0000000760000000,0x0000000761de33f0,0x0000000761e00000)
}
Event: 1793,944 GC heap before
{Heap before GC invocations=7 (full 0):
 PSYoungGen      total 283136K, used 281252K [0x00000007d5500000, 0x00000007e7e00000, 0x0000000800000000)
  eden space 268288K, 100% used [0x00000007d5500000,0x00000007e5b00000,0x00000007e5b00000)
  from space 14848K, 87% used [0x00000007e6b80000,0x00000007e7829040,0x00000007e7a00000)
  to   space 16896K, 0% used [0x00000007e5b00000,0x00000007e5b00000,0x00000007e6b80000)
 ParOldGen       total 87040K, used 14677K [0x0000000780000000, 0x0000000785500000, 0x00000007d5500000)
  object space 87040K, 16% used [0x0000000780000000,0x0000000780e55790,0x0000000785500000)
 PSPermGen       total 34304K, used 34190K [0x0000000760000000, 0x0000000762180000, 0x0000000780000000)
  object space 34304K, 99% used [0x0000000760000000,0x0000000762163a18,0x0000000762180000)
Event: 1793,976 GC heap after
Heap after GC invocations=7 (full 0):
 PSYoungGen      total 273408K, used 16888K [0x00000007d5500000, 0x00000007e7d80000, 0x0000000800000000)
  eden space 256512K, 0% used [0x00000007d5500000,0x00000007d5500000,0x00000007e4f80000)
  from space 16896K, 99% used [0x00000007e5b00000,0x00000007e6b7e1a0,0x00000007e6b80000)
  to   space 18432K, 0% used [0x00000007e6b80000,0x00000007e6b80000,0x00000007e7d80000)
 ParOldGen       total 87040K, used 21755K [0x0000000780000000, 0x0000000785500000, 0x00000007d5500000)
  object space 87040K, 24% used [0x0000000780000000,0x000000078153ef60,0x0000000785500000)
 PSPermGen       total 34304K, used 34190K [0x0000000760000000, 0x0000000762180000, 0x0000000780000000)
  object space 34304K, 99% used [0x0000000760000000,0x0000000762163a18,0x0000000762180000)
}
Event: 3925,215 GC heap before
{Heap before GC invocations=8 (full 0):
 PSYoungGen      total 273408K, used 273400K [0x00000007d5500000, 0x00000007e7d80000, 0x0000000800000000)
  eden space 256512K, 100% used [0x00000007d5500000,0x00000007e4f80000,0x00000007e4f80000)
  from space 16896K, 99% used [0x00000007e5b00000,0x00000007e6b7e1a0,0x00000007e6b80000)
  to   space 18432K, 0% used [0x00000007e6b80000,0x00000007e6b80000,0x00000007e7d80000)
 ParOldGen       total 87040K, used 21755K [0x0000000780000000, 0x0000000785500000, 0x00000007d5500000)
  object space 87040K, 24% used [0x0000000780000000,0x000000078153ef60,0x0000000785500000)
 PSPermGen       total 38912K, used 38830K [0x0000000760000000, 0x0000000762600000, 0x0000000780000000)
  object space 38912K, 99% used [0x0000000760000000,0x00000007625eb828,0x0000000762600000)
Event: 3925,235 GC heap after
Heap after GC invocations=8 (full 0):
 PSYoungGen      total 263680K, used 18415K [0x00000007d5500000, 0x00000007e7d80000, 0x0000000800000000)
  eden space 245248K, 0% used [0x00000007d5500000,0x00000007d5500000,0x00000007e4480000)
  from space 18432K, 99% used [0x00000007e6b80000,0x00000007e7d7bc98,0x00000007e7d80000)
  to   space 26112K, 0% used [0x00000007e4a80000,0x00000007e4a80000,0x00000007e6400000)
 ParOldGen       total 87040K, used 23225K [0x0000000780000000, 0x0000000785500000, 0x00000007d5500000)
  object space 87040K, 26% used [0x0000000780000000,0x00000007816ae578,0x0000000785500000)
 PSPermGen       total 38912K, used 38830K [0x0000000760000000, 0x0000000762600000, 0x0000000780000000)
  object space 38912K, 99% used [0x0000000760000000,0x00000007625eb828,0x0000000762600000)
}

